#
# There is insufficient memory for the Java Runtime Environment to continue.
# Native memory allocation (malloc) failed to allocate 40176 bytes for Chunk::new
# Possible reasons:
#   The system is out of physical RAM or swap space
#   In 32 bit mode, the process size limit was hit
# Possible solutions:
#   Reduce memory load on the system
#   Increase physical memory or swap space
#   Check if swap backing store is full
#   Use 64 bit Java on a 64 bit OS
#   Decrease Java heap size (-Xmx/-Xms)
#   Decrease number of Java threads
#   Decrease Java thread stack sizes (-Xss)
#   Set larger code cache with -XX:ReservedCodeCacheSize=
# This output file may be truncated or incomplete.
#
#  Out of Memory Error (allocation.cpp:390), pid=5916, tid=18176
#
# JRE version: Java(TM) SE Runtime Environment (8.0_20-b26) (build 1.8.0_20-b26)
# Java VM: Java HotSpot(TM) 64-Bit Server VM (25.20-b23 mixed mode windows-amd64 compressed oops)
# Failed to write core dump. Minidumps are not enabled by default on client versions of Windows
#

---------------  T H R E A D  ---------------

Current thread (0x00000000178de000):  JavaThread "C2 CompilerThread0" daemon [_thread_in_native, id=18176, stack(0x0000000018e30000,0x0000000018f30000)]

Stack: [0x0000000018e30000,0x0000000018f30000]
Native frames: (J=compiled Java code, j=interpreted, Vv=VM code, C=native code)
V  [jvm.dll+0x3152fa]
V  [jvm.dll+0x265d03]
V  [jvm.dll+0x266943]
V  [jvm.dll+0x25e265]
V  [jvm.dll+0xbe255]
V  [jvm.dll+0xbe6fc]
V  [jvm.dll+0x477e2c]
V  [jvm.dll+0x444cc3]
V  [jvm.dll+0x4500de]
V  [jvm.dll+0x4526c8]
V  [jvm.dll+0x435fc2]
V  [jvm.dll+0x97b62]
V  [jvm.dll+0x98353]
V  [jvm.dll+0x22aac4]
V  [jvm.dll+0x283f5a]
C  [msvcr100.dll+0x21d9f]
C  [msvcr100.dll+0x21e3b]
C  [KERNEL32.DLL+0x17c24]
C  [ntdll.dll+0x6d721]


Current CompileTask:
C2:   7831 1186       4       java.util.Properties$LineReader::readLine (468 bytes)


---------------  P R O C E S S  ---------------

Java Threads: ( => current thread )
  0x0000000020c9f000 JavaThread "mysql-cj-abandoned-connection-cleanup" daemon [_thread_blocked, id=11940, stack(0x00000000255d0000,0x00000000256d0000)]
  0x0000000020994800 JavaThread "Prism Font Disposer" daemon [_thread_blocked, id=12544, stack(0x0000000022400000,0x0000000022500000)]
  0x00000000194f3000 JavaThread "JavaFX-Launcher" [_thread_blocked, id=15052, stack(0x0000000020800000,0x0000000020900000)]
  0x00000000194e1000 JavaThread "Thread-2" daemon [_thread_in_native, id=11680, stack(0x0000000020700000,0x0000000020800000)]
  0x000000001947d000 JavaThread "JavaFX Application Thread" [_thread_in_native, id=10720, stack(0x0000000019b30000,0x0000000019c30000)]
  0x0000000019475800 JavaThread "Thread-1" daemon [_thread_blocked, id=5604, stack(0x0000000019a30000,0x0000000019b30000)]
  0x0000000019452800 JavaThread "QuantumRenderer-0" daemon [_thread_blocked, id=8132, stack(0x0000000019730000,0x0000000019830000)]
  0x0000000019160800 JavaThread "Service Thread" daemon [_thread_blocked, id=8104, stack(0x0000000019530000,0x0000000019630000)]
  0x00000000178e8800 JavaThread "C1 CompilerThread2" daemon [_thread_blocked, id=15528, stack(0x0000000019030000,0x0000000019130000)]
  0x00000000178e0800 JavaThread "C2 CompilerThread1" daemon [_thread_blocked, id=15764, stack(0x0000000018f30000,0x0000000019030000)]
=>0x00000000178de000 JavaThread "C2 CompilerThread0" daemon [_thread_in_native, id=18176, stack(0x0000000018e30000,0x0000000018f30000)]
  0x00000000178dc000 JavaThread "Attach Listener" daemon [_thread_blocked, id=17464, stack(0x0000000018d30000,0x0000000018e30000)]
  0x00000000178db000 JavaThread "Signal Dispatcher" daemon [_thread_blocked, id=7072, stack(0x0000000018c30000,0x0000000018d30000)]
  0x0000000002d97000 JavaThread "Finalizer" daemon [_thread_blocked, id=14420, stack(0x0000000018b30000,0x0000000018c30000)]
  0x0000000002d8e000 JavaThread "Reference Handler" daemon [_thread_blocked, id=14204, stack(0x0000000018a30000,0x0000000018b30000)]
  0x0000000002ca0800 JavaThread "main" [_thread_blocked, id=14040, stack(0x0000000002ad0000,0x0000000002bd0000)]

Other Threads:
  0x00000000178a6800 VMThread [stack: 0x0000000018930000,0x0000000018a30000] [id=15000]
  0x0000000019164000 WatcherThread [stack: 0x0000000019630000,0x0000000019730000] [id=7192]

VM state:not at safepoint (normal execution)

VM Mutex/Monitor currently owned by a thread: None

Heap:
 PSYoungGen      total 38400K, used 9441K [0x00000000d5e00000, 0x00000000d8880000, 0x0000000100000000)
  eden space 33280K, 13% used [0x00000000d5e00000,0x00000000d623d520,0x00000000d7e80000)
  from space 5120K, 99% used [0x00000000d7e80000,0x00000000d837b130,0x00000000d8380000)
  to   space 5120K, 0% used [0x00000000d8380000,0x00000000d8380000,0x00000000d8880000)
 ParOldGen       total 87552K, used 565K [0x0000000081a00000, 0x0000000086f80000, 0x00000000d5e00000)
  object space 87552K, 0% used [0x0000000081a00000,0x0000000081a8d770,0x0000000086f80000)
 Metaspace       used 16862K, capacity 17458K, committed 17664K, reserved 1064960K
  class space    used 2300K, capacity 2456K, committed 2560K, reserved 1048576K

Card table byte_map: [0x0000000012160000,0x0000000012560000] byte_map_base: 0x0000000011d53000

Marking Bits: (ParMarkBitMap*) 0x000000005fb7b460
 Begin Bits: [0x0000000012c10000, 0x0000000014ba8000)
 End Bits:   [0x0000000014ba8000, 0x0000000016b40000)

Polling page: 0x00000000012d0000

CodeCache: size=245760Kb used=4183Kb max_used=4183Kb free=241576Kb
 bounds [0x0000000002da0000, 0x00000000031c0000, 0x0000000011da0000]
 total_blobs=1846 nmethods=1186 adapters=574
 compilation: enabled

Compilation events (10 events):
Event: 7.595 Thread 0x00000000178e8800 nmethod 1182 0x00000000031abb90 code [0x00000000031abde0, 0x00000000031aca08]
Event: 7.595 Thread 0x00000000178e8800 1183       3       java.lang.invoke.MethodHandles$Lookup::linkMethodHandleConstant (185 bytes)
Event: 7.596 Thread 0x00000000178e8800 nmethod 1183 0x00000000031afe90 code [0x00000000031b0140, 0x00000000031b15d8]
Event: 7.596 Thread 0x00000000178e8800 1184       3       jdk.internal.org.objectweb.asm.MethodWriter::put (1599 bytes)
Event: 7.600 Thread 0x00000000178e8800 nmethod 1184 0x00000000031b1c10 code [0x00000000031b24a0, 0x00000000031b5eb8]
Event: 7.600 Thread 0x00000000178e8800 1185       3       java.lang.invoke.DirectMethodHandle::preparedLambdaForm (31 bytes)
Event: 7.601 Thread 0x00000000178e8800 nmethod 1185 0x00000000031af0d0 code [0x00000000031af280, 0x00000000031afae8]
Event: 7.720 Thread 0x00000000178de000 1186       4       java.util.Properties$LineReader::readLine (468 bytes)
Event: 7.722 Thread 0x00000000178e8800 1187       3       java.util.LinkedHashMap::get (33 bytes)
Event: 7.722 Thread 0x00000000178e8800 nmethod 1187 0x00000000031aa9d0 code [0x00000000031aab60, 0x00000000031ab068]

GC Heap History (2 events):
Event: 7.475 GC heap before
{Heap before GC invocations=1 (full 0):
 PSYoungGen      total 38400K, used 33280K [0x00000000d5e00000, 0x00000000d8880000, 0x0000000100000000)
  eden space 33280K, 100% used [0x00000000d5e00000,0x00000000d7e80000,0x00000000d7e80000)
  from space 5120K, 0% used [0x00000000d8380000,0x00000000d8380000,0x00000000d8880000)
  to   space 5120K, 0% used [0x00000000d7e80000,0x00000000d7e80000,0x00000000d8380000)
 ParOldGen       total 87552K, used 0K [0x0000000081a00000, 0x0000000086f80000, 0x00000000d5e00000)
  object space 87552K, 0% used [0x0000000081a00000,0x0000000081a00000,0x0000000086f80000)
 Metaspace       used 15647K, capacity 16220K, committed 16512K, reserved 1062912K
  class space    used 2184K, capacity 2321K, committed 2432K, reserved 1048576K
Event: 7.482 GC heap after
Heap after GC invocations=1 (full 0):
 PSYoungGen      total 38400K, used 5100K [0x00000000d5e00000, 0x00000000d8880000, 0x0000000100000000)
  eden space 33280K, 0% used [0x00000000d5e00000,0x00000000d5e00000,0x00000000d7e80000)
  from space 5120K, 99% used [0x00000000d7e80000,0x00000000d837b130,0x00000000d8380000)
  to   space 5120K, 0% used [0x00000000d8380000,0x00000000d8380000,0x00000000d8880000)
 ParOldGen       total 87552K, used 565K [0x0000000081a00000, 0x0000000086f80000, 0x00000000d5e00000)
  object space 87552K, 0% used [0x0000000081a00000,0x0000000081a8d770,0x0000000086f80000)
 Metaspace       used 15647K, capacity 16220K, committed 16512K, reserved 1062912K
  class space    used 2184K, capacity 2321K, committed 2432K, reserved 1048576K
}

Deoptimization events (7 events):
Event: 5.042 Thread 0x000000001947d000 Uncommon trap: reason=class_check action=maybe_recompile pc=0x0000000002ec7870 method=java.lang.String.equals(Ljava/lang/Object;)Z @ 8
Event: 5.042 Thread 0x000000001947d000 Uncommon trap: reason=class_check action=maybe_recompile pc=0x0000000002ec7870 method=java.lang.String.equals(Ljava/lang/Object;)Z @ 8
Event: 5.042 Thread 0x000000001947d000 Uncommon trap: reason=class_check action=maybe_recompile pc=0x0000000002ec7870 method=java.lang.String.equals(Ljava/lang/Object;)Z @ 8
Event: 5.044 Thread 0x000000001947d000 Uncommon trap: reason=class_check action=maybe_recompile pc=0x0000000002ec7870 method=java.lang.String.equals(Ljava/lang/Object;)Z @ 8
Event: 6.631 Thread 0x000000001947d000 Uncommon trap: reason=unreached action=reinterpret pc=0x0000000003009520 method=java.util.HashMap.getNode(ILjava/lang/Object;)Ljava/util/HashMap$Node; @ 84
Event: 6.631 Thread 0x000000001947d000 Uncommon trap: reason=unreached action=reinterpret pc=0x0000000003006374 method=java.util.HashMap.getNode(ILjava/lang/Object;)Ljava/util/HashMap$Node; @ 84
Event: 6.973 Thread 0x000000001947d000 Uncommon trap: reason=unreached action=reinterpret pc=0x000000000315e4f0 method=java.lang.AbstractStringBuilder.append(Ljava/lang/String;)Ljava/lang/AbstractStringBuilder; @ 1

Internal exceptions (10 events):
Event: 7.593 Thread 0x000000001947d000 Exception <a 'java/security/PrivilegedActionException'> (0x00000000d61af288) thrown at [D:\re\workspace\8-2-build-windows-amd64-cygwin\jdk8u20\1074\hotspot\src\share\vm\prims\jvm.cpp, line 1275]
Event: 7.593 Thread 0x000000001947d000 Exception <a 'java/security/PrivilegedActionException'> (0x00000000d61b2bc0) thrown at [D:\re\workspace\8-2-build-windows-amd64-cygwin\jdk8u20\1074\hotspot\src\share\vm\prims\jvm.cpp, line 1275]
Event: 7.595 Thread 0x000000001947d000 Exception <a 'java/security/PrivilegedActionException'> (0x00000000d61c8800) thrown at [D:\re\workspace\8-2-build-windows-amd64-cygwin\jdk8u20\1074\hotspot\src\share\vm\prims\jvm.cpp, line 1275]
Event: 7.596 Thread 0x000000001947d000 Exception <a 'java/security/PrivilegedActionException'> (0x00000000d61ce5f0) thrown at [D:\re\workspace\8-2-build-windows-amd64-cygwin\jdk8u20\1074\hotspot\src\share\vm\prims\jvm.cpp, line 1275]
Event: 7.596 Thread 0x000000001947d000 Exception <a 'java/security/PrivilegedActionException'> (0x00000000d61d46e8) thrown at [D:\re\workspace\8-2-build-windows-amd64-cygwin\jdk8u20\1074\hotspot\src\share\vm\prims\jvm.cpp, line 1275]
Event: 7.597 Thread 0x000000001947d000 Exception <a 'java/security/PrivilegedActionException'> (0x00000000d61d84d0) thrown at [D:\re\workspace\8-2-build-windows-amd64-cygwin\jdk8u20\1074\hotspot\src\share\vm\prims\jvm.cpp, line 1275]
Event: 7.597 Thread 0x000000001947d000 Exception <a 'java/security/PrivilegedActionException'> (0x00000000d61db340) thrown at [D:\re\workspace\8-2-build-windows-amd64-cygwin\jdk8u20\1074\hotspot\src\share\vm\prims\jvm.cpp, line 1275]
Event: 7.597 Thread 0x000000001947d000 Exception <a 'java/security/PrivilegedActionException'> (0x00000000d61df190) thrown at [D:\re\workspace\8-2-build-windows-amd64-cygwin\jdk8u20\1074\hotspot\src\share\vm\prims\jvm.cpp, line 1275]
Event: 7.598 Thread 0x000000001947d000 Exception <a 'java/security/PrivilegedActionException'> (0x00000000d61e50f0) thrown at [D:\re\workspace\8-2-build-windows-amd64-cygwin\jdk8u20\1074\hotspot\src\share\vm\prims\jvm.cpp, line 1275]
Event: 7.598 Thread 0x000000001947d000 Exception <a 'java/security/PrivilegedActionException'> (0x00000000d61e7cf0) thrown at [D:\re\workspace\8-2-build-windows-amd64-cygwin\jdk8u20\1074\hotspot\src\share\vm\prims\jvm.cpp, line 1275]

Events (10 events):
Event: 7.721 Thread 0x000000001947d000 DEOPT PACKING pc=0x0000000003181e22 sp=0x0000000019c28a80
Event: 7.721 Thread 0x000000001947d000 DEOPT UNPACKING pc=0x0000000002de75bf sp=0x0000000019c287f0 mode 0
Event: 7.722 loading class sun/net/InetAddressCachePolicy$2
Event: 7.722 loading class sun/net/InetAddressCachePolicy$2 done
Event: 7.722 loading class java/net/InetAddress$CacheEntry
Event: 7.722 loading class java/net/InetAddress$CacheEntry done
Event: 7.722 loading class java/net/Inet6Address
Event: 7.723 loading class java/net/Inet6Address done
Event: 7.723 loading class java/net/Inet6Address$Inet6AddressHolder
Event: 7.723 loading class java/net/Inet6Address$Inet6AddressHolder done


Dynamic libraries:
0x00007ff6f21f0000 - 0x00007ff6f2224000 	C:\Program Files\Java\jdk1.8.0_20\jre\bin\java.exe
0x00007ffc8f1c0000 - 0x00007ffc8f3b0000 	C:\WINDOWS\SYSTEM32\ntdll.dll
0x00007ffc8dcb0000 - 0x00007ffc8dd62000 	C:\WINDOWS\System32\KERNEL32.DLL
0x00007ffc8cc10000 - 0x00007ffc8ceb5000 	C:\WINDOWS\System32\KERNELBASE.dll
0x00007ffc8e2a0000 - 0x00007ffc8e343000 	C:\WINDOWS\System32\ADVAPI32.dll
0x00007ffc8dd70000 - 0x00007ffc8de0e000 	C:\WINDOWS\System32\msvcrt.dll
0x00007ffc8e050000 - 0x00007ffc8e0e7000 	C:\WINDOWS\System32\sechost.dll
0x00007ffc8f060000 - 0x00007ffc8f17f000 	C:\WINDOWS\System32\RPCRT4.dll
0x00007ffc8db10000 - 0x00007ffc8dca4000 	C:\WINDOWS\System32\USER32.dll
0x00007ffc8d0c0000 - 0x00007ffc8d0e1000 	C:\WINDOWS\System32\win32u.dll
0x00007ffc8de10000 - 0x00007ffc8de36000 	C:\WINDOWS\System32\GDI32.dll
0x00007ffc8cec0000 - 0x00007ffc8d058000 	C:\WINDOWS\System32\gdi32full.dll
0x00007ffc8cb70000 - 0x00007ffc8cc0e000 	C:\WINDOWS\System32\msvcp_win.dll
0x00007ffc8c130000 - 0x00007ffc8c22a000 	C:\WINDOWS\System32\ucrtbase.dll
0x00007ffc850e0000 - 0x00007ffc85364000 	C:\WINDOWS\WinSxS\amd64_microsoft.windows.common-controls_6595b64144ccf1df_6.0.18362.1556_none_9e7e372fe45e41d5\COMCTL32.dll
0x00007ffc8d360000 - 0x00007ffc8d696000 	C:\WINDOWS\System32\combase.dll
0x00007ffc8ca60000 - 0x00007ffc8cae1000 	C:\WINDOWS\System32\bcryptPrimitives.dll
0x00007ffc8ec60000 - 0x00007ffc8ec8e000 	C:\WINDOWS\System32\IMM32.DLL
0x000000005f2c0000 - 0x000000005f392000 	C:\Program Files\Java\jdk1.8.0_20\jre\bin\msvcr100.dll
0x000000005f3a0000 - 0x000000005fbf8000 	C:\Program Files\Java\jdk1.8.0_20\jre\bin\server\jvm.dll
0x00007ffc8e350000 - 0x00007ffc8e358000 	C:\WINDOWS\System32\PSAPI.DLL
0x00007ffc89d20000 - 0x00007ffc89d44000 	C:\WINDOWS\SYSTEM32\WINMM.dll
0x00007ffc7fca0000 - 0x00007ffc7fca9000 	C:\WINDOWS\SYSTEM32\WSOCK32.dll
0x00007ffc8e360000 - 0x00007ffc8e3cf000 	C:\WINDOWS\System32\WS2_32.dll
0x00007ffc89cd0000 - 0x00007ffc89cfd000 	C:\WINDOWS\SYSTEM32\WINMMBASE.dll
0x00007ffc8cb20000 - 0x00007ffc8cb6a000 	C:\WINDOWS\System32\cfgmgr32.dll
0x0000000060990000 - 0x000000006099f000 	C:\Program Files\Java\jdk1.8.0_20\jre\bin\verify.dll
0x0000000060960000 - 0x0000000060988000 	C:\Program Files\Java\jdk1.8.0_20\jre\bin\java.dll
0x0000000060940000 - 0x0000000060956000 	C:\Program Files\Java\jdk1.8.0_20\jre\bin\zip.dll
0x00007ffc8e570000 - 0x00007ffc8ec57000 	C:\WINDOWS\System32\SHELL32.dll
0x00007ffc8efb0000 - 0x00007ffc8f058000 	C:\WINDOWS\System32\shcore.dll
0x00007ffc8c2e0000 - 0x00007ffc8ca5b000 	C:\WINDOWS\System32\windows.storage.dll
0x00007ffc8c110000 - 0x00007ffc8c12e000 	C:\WINDOWS\System32\profapi.dll
0x00007ffc8c0a0000 - 0x00007ffc8c0ea000 	C:\WINDOWS\System32\powrprof.dll
0x00007ffc8c070000 - 0x00007ffc8c080000 	C:\WINDOWS\System32\UMPDC.dll
0x00007ffc8d270000 - 0x00007ffc8d2c2000 	C:\WINDOWS\System32\shlwapi.dll
0x00007ffc8c0f0000 - 0x00007ffc8c101000 	C:\WINDOWS\System32\kernel.appcore.dll
0x00007ffc8d0f0000 - 0x00007ffc8d107000 	C:\WINDOWS\System32\cryptsp.dll
0x000000005dff0000 - 0x000000005e01c000 	C:\Program Files\Java\jdk1.8.0_20\jre\bin\prism_d3d.dll
0x00007ffc40ba0000 - 0x00007ffc40d67000 	C:\WINDOWS\system32\d3d9.dll
0x00007ffc8a310000 - 0x00007ffc8a33d000 	C:\WINDOWS\SYSTEM32\dwmapi.dll
0x00007ffc8ab70000 - 0x00007ffc8ab90000 	C:\WINDOWS\SYSTEM32\dxcore.dll
0x00007ffc89ed0000 - 0x00007ffc89f69000 	C:\WINDOWS\system32\uxtheme.dll
0x00007ffc3c9f0000 - 0x00007ffc3cb53000 	C:\WINDOWS\System32\DriverStore\FileRepository\iigd_dch.inf_amd64_a086f01cc7be643a\igdumdim64.dll
0x00007ffc8caf0000 - 0x00007ffc8cb16000 	C:\WINDOWS\System32\bcrypt.dll
0x00007ffc250e0000 - 0x00007ffc28ae4000 	C:\WINDOWS\System32\DriverStore\FileRepository\iigd_dch.inf_amd64_a086f01cc7be643a\igd9dxva64.dll
0x00007ffc8edd0000 - 0x00007ffc8ef27000 	C:\WINDOWS\System32\ole32.dll
0x00007ffc8e490000 - 0x00007ffc8e555000 	C:\WINDOWS\System32\OLEAUT32.dll
0x00007ffc8d6a0000 - 0x00007ffc8db10000 	C:\WINDOWS\System32\SETUPAPI.dll
0x00007ffc85a60000 - 0x00007ffc85c9f000 	C:\WINDOWS\System32\DriverStore\FileRepository\iigd_dch.inf_amd64_a086f01cc7be643a\igdgmm64.dll
0x000000005dfa0000 - 0x000000005dfe2000 	C:\Program Files\Java\jdk1.8.0_20\jre\bin\glass.dll
0x00007ffc8de40000 - 0x00007ffc8df10000 	C:\WINDOWS\System32\COMDLG32.dll
0x00007ffc8ec90000 - 0x00007ffc8edc5000 	C:\WINDOWS\System32\MSCTF.dll
0x00007ffc5f0f0000 - 0x00007ffc5f117000 	C:\WINDOWS\System32\DriverStore\FileRepository\iigd_dch.inf_amd64_a086f01cc7be643a\igdinfo64.dll
0x00007ffc74030000 - 0x00007ffc76c92000 	C:\WINDOWS\System32\DriverStore\FileRepository\iigd_dch.inf_amd64_a086f01cc7be643a\igc64.dll
0x000000005df80000 - 0x000000005df95000 	C:\Program Files\Java\jdk1.8.0_20\jre\bin\javafx_font.dll
0x00007ffc849a0000 - 0x00007ffc84c9e000 	C:\WINDOWS\SYSTEM32\dwrite.dll
0x00007ffc8df10000 - 0x00007ffc8dfb2000 	C:\WINDOWS\System32\clbcatq.dll
0x00007ffc83c30000 - 0x00007ffc83ddf000 	C:\WINDOWS\SYSTEM32\WindowsCodecs.dll
0x00007ffc675c0000 - 0x00007ffc675fb000 	C:\WINDOWS\system32\dataexchange.dll
0x00007ffc88fc0000 - 0x00007ffc8921b000 	C:\WINDOWS\system32\d3d11.dll
0x00007ffc89220000 - 0x00007ffc893fd000 	C:\WINDOWS\system32\dcomp.dll
0x00007ffc8ac00000 - 0x00007ffc8aceb000 	C:\WINDOWS\system32\dxgi.dll
0x00007ffc89fc0000 - 0x00007ffc8a21a000 	C:\WINDOWS\system32\twinapi.appcore.dll
0x00007ffc8a340000 - 0x00007ffc8a369000 	C:\WINDOWS\system32\RMCLIENT.dll
0x00007ffc70950000 - 0x00007ffc70983000 	C:\Program Files\Common Files\Microsoft Shared\Ink\rtscom.dll
0x00007ffc81370000 - 0x00007ffc8140b000 	C:\WINDOWS\System32\TextInputFramework.dll
0x00007ffc89400000 - 0x00007ffc894d4000 	C:\WINDOWS\System32\CoreMessaging.dll
0x00007ffc80c00000 - 0x00007ffc80f2a000 	C:\WINDOWS\System32\CoreUIComponents.dll
0x00007ffc8b0b0000 - 0x00007ffc8b0e1000 	C:\WINDOWS\SYSTEM32\ntmarta.dll
0x00007ffc87bb0000 - 0x00007ffc87d02000 	C:\WINDOWS\SYSTEM32\wintypes.dll
0x00007ffc7de20000 - 0x00007ffc7e0c7000 	C:\WINDOWS\System32\iertutil.dll
0x00007ffc88550000 - 0x00007ffc88b10000 	C:\WINDOWS\SYSTEM32\d2d1.dll
0x00007ffc79320000 - 0x00007ffc79a61000 	C:\WINDOWS\SYSTEM32\D3D10Warp.dll
0x0000000060920000 - 0x000000006093a000 	C:\Program Files\Java\jdk1.8.0_20\jre\bin\net.dll
0x00007ffc8b850000 - 0x00007ffc8b8b7000 	C:\WINDOWS\system32\mswsock.dll
0x00007ffc8b5b0000 - 0x00007ffc8b67b000 	C:\WINDOWS\SYSTEM32\DNSAPI.dll
0x00007ffc8d2d0000 - 0x00007ffc8d2d8000 	C:\WINDOWS\System32\NSI.dll
0x00007ffc8b560000 - 0x00007ffc8b59a000 	C:\WINDOWS\SYSTEM32\IPHLPAPI.DLL
0x00007ffc8a970000 - 0x00007ffc8ab64000 	C:\WINDOWS\SYSTEM32\dbghelp.dll

VM Arguments:
jvm_args: -Dfile.encoding=UTF-8 
java_command: C:\Users\Jaafar\Documents\NetBeansProjects\SchoolManagement\dist\run97001084\SchoolManagement.jar
java_class_path (initial): C:\Users\Jaafar\Documents\NetBeansProjects\SchoolManagement\dist\run97001084\SchoolManagement.jar
Launcher Type: SUN_STANDARD

Environment Variables:
PATH=C:\Python39\Scripts\;C:\Python39\;C:\app\Jaafar\product\11.2.0\dbhome_1\bin;C:\WINDOWS\system32;C:\WINDOWS;C:\WINDOWS\System32\Wbem;C:\WINDOWS\System32\WindowsPowerShell\v1.0\;C:\WINDOWS\System32\OpenSSH\;C:\flutter_windows_2.2.1-stable\bin;C:\Program Files\Git\cmd;A:\Sdk;A:\Sdk\build-tools;A:\Sdk\platform-tools;A:\Sdk\tools\bin;C:\Program Files (x86)\Notepad++;C:\Program Files\nodejs\;C:\ProgramData\chocolatey\bin;C:\Program Files\MongoDB\Server\4.4\bin;C:\Users\Jaafar\mongodb-win32-x86_64-windows-4.4.1\bin;C:\Program Files (x86)\Calibre2\;C:\Program Files\MySQL\MySQL Shell 8.0\bin\;C:\Users\Jaafar\AppData\Local\Microsoft\WindowsApps;C:\Users\Jaafar\AppData\Local\Android\Sdk;C:\Program Files (x86)\Java\jdk1.8.0_221\bin;C:\Users\Jaafar\AppData\Roaming\npm;C:\Users\Jaafar\AppData\Local\Programs\Microsoft VS Code\bin;C:\Program Files\JetBrains\PyCharm Community Edition 2020.2.3\bin;
USERNAME=Jaafar
OS=Windows_NT
PROCESSOR_IDENTIFIER=Intel64 Family 6 Model 78 Stepping 3, GenuineIntel



---------------  S Y S T E M  ---------------

OS: Windows 8.1 , 64 bit Build 9600 

CPU:total 4 (2 cores per cpu, 2 threads per core) family 6 model 78 stepping 3, cmov, cx8, fxsr, mmx, sse, sse2, sse3, ssse3, sse4.1, sse4.2, popcnt, avx, avx2, aes, clmul, erms, lzcnt, ht, tsc, tscinvbit, bmi1, bmi2

Memory: 4k page, physical 8276996k(746796k free), swap 28829436k(616k free)

vm_info: Java HotSpot(TM) 64-Bit Server VM (25.20-b23) for windows-amd64 JRE (1.8.0_20-b26), built on Jul 30 2014 13:51:23 by "java_re" with MS VC++ 10.0 (VS2010)

time: Mon Jun 21 14:40:24 2021
elapsed time: 7 seconds (0d 0h 0m 7s)

